# JRE version: OpenJDK Runtime Environment Temurin-21.0.9+10 (21.0.9+10) (build 21.0.9+10-LTS)
# Java VM: OpenJDK 64-Bit Server VM Temurin-21.0.9+10 (21.0.9+10-LTS, mixed mode, sharing, tiered, compressed oops, compressed class ptrs, parallel gc, windows-amd64)
GC Precious Log:
 CardTable entry size: 512
 CPUs: 20 total, 20 available
 Memory: 16125M
 Large Page Support: Disabled
 NUMA Support: Disabled
 Compressed Oops: Enabled (32-bit)
 Alignments: Space 512K, Generation 512K, Heap 2M
 Heap Min Capacity: 100M
 Heap Initial Capacity: 100M
 Heap Max Capacity: 2G
 Pre-touch: Disabled
 Parallel Workers: 15
Heap:
 PSYoungGen      total 4096K, used 3817K [0x00000000d5580000, 0x00000000d5b00000, 0x0000000100000000)
  eden space 3072K, 99% used [0x00000000d5580000,0x00000000d587ca08,0x00000000d5880000)
  from space 1024K, 74% used [0x00000000d5900000,0x00000000d59bdd88,0x00000000d5a00000)
  to   space 1024K, 0% used [0x00000000d5a00000,0x00000000d5a00000,0x00000000d5b00000)
 ParOldGen       total 755200K, used 754841K [0x0000000080000000, 0x00000000ae180000, 0x00000000d5580000)
  object space 755200K, 99% used [0x0000000080000000,0x00000000ae12dc68,0x00000000ae180000)
 Metaspace       used 76804K, committed 78336K, reserved 1179648K
  class space    used 8066K, committed 8704K, reserved 1048576K
GC Heap History (20 events):
Event: 54.208 GC heap before
{Heap before GC invocations=973 (full 3):
 PSYoungGen      total 4096K, used 3616K [0x00000000d5580000, 0x00000000d5b00000, 0x0000000100000000)
  eden space 2560K, 100% used [0x00000000d5580000,0x00000000d5800000,0x00000000d5800000)
  from space 1536K, 68% used [0x00000000d5800000,0x00000000d5908000,0x00000000d5980000)
  to   space 1536K, 0% used [0x00000000d5980000,0x00000000d5980000,0x00000000d5b00000)
 ParOldGen       total 742912K, used 742592K [0x0000000080000000, 0x00000000ad580000, 0x00000000d5580000)
  object space 742912K, 99% used [0x0000000080000000,0x00000000ad5300c8,0x00000000ad580000)
 Metaspace       used 74685K, committed 76160K, reserved 1179648K
  class space    used 7848K, committed 8448K, reserved 1048576K
}
Event: 54.209 GC heap after
{Heap after GC invocations=973 (full 3):
 PSYoungGen      total 4096K, used 1138K [0x00000000d5580000, 0x00000000d5b00000, 0x0000000100000000)
  eden space 2560K, 0% used [0x00000000d5580000,0x00000000d5580000,0x00000000d5800000)
  from space 1536K, 74% used [0x00000000d5980000,0x00000000d5a9c808,0x00000000d5b00000)
  to   space 1536K, 0% used [0x00000000d5800000,0x00000000d5800000,0x00000000d5980000)
 ParOldGen       total 743424K, used 743309K [0x0000000080000000, 0x00000000ad600000, 0x00000000d5580000)
  object space 743424K, 99% used [0x0000000080000000,0x00000000ad5e34e8,0x00000000ad600000)
 Metaspace       used 74685K, committed 76160K, reserved 1179648K
  class space    used 7848K, committed 8448K, reserved 1048576K
}
Event: 54.218 GC heap before
{Heap before GC invocations=974 (full 3):
 PSYoungGen      total 4096K, used 3698K [0x00000000d5580000, 0x00000000d5b00000, 0x0000000100000000)
  eden space 2560K, 100% used [0x00000000d5580000,0x00000000d5800000,0x00000000d5800000)
  from space 1536K, 74% used [0x00000000d5980000,0x00000000d5a9c808,0x00000000d5b00000)
  to   space 1536K, 0% used [0x00000000d5800000,0x00000000d5800000,0x00000000d5980000)
 ParOldGen       total 743424K, used 743309K [0x0000000080000000, 0x00000000ad600000, 0x00000000d5580000)
  object space 743424K, 99% used [0x0000000080000000,0x00000000ad5e34e8,0x00000000ad600000)
 Metaspace       used 74687K, committed 76160K, reserved 1179648K
  class space    used 7848K, committed 8448K, reserved 1048576K
}
Event: 54.219 GC heap after
{Heap after GC invocations=974 (full 3):
 PSYoungGen      total 4096K, used 1526K [0x00000000d5580000, 0x00000000d5d00000, 0x0000000100000000)
  eden space 2560K, 0% used [0x00000000d5580000,0x00000000d5580000,0x00000000d5800000)
  from space 1536K, 99% used [0x00000000d5800000,0x00000000d597d8d0,0x00000000d5980000)
  to   space 2560K, 0% used [0x00000000d5a80000,0x00000000d5a80000,0x00000000d5d00000)
 ParOldGen       total 744448K, used 744048K [0x0000000080000000, 0x00000000ad700000, 0x00000000d5580000)
  object space 744448K, 99% used [0x0000000080000000,0x00000000ad69c1e8,0x00000000ad700000)
 Metaspace       used 74687K, committed 76160K, reserved 1179648K
  class space    used 7848K, committed 8448K, reserved 1048576K
}
Event: 54.233 GC heap before
{Heap before GC invocations=975 (full 3):
 PSYoungGen      total 4096K, used 4086K [0x00000000d5580000, 0x00000000d5d00000, 0x0000000100000000)
  eden space 2560K, 100% used [0x00000000d5580000,0x00000000d5800000,0x00000000d5800000)
  from space 1536K, 99% used [0x00000000d5800000,0x00000000d597d8d0,0x00000000d5980000)
  to   space 2560K, 0% used [0x00000000d5a80000,0x00000000d5a80000,0x00000000d5d00000)
 ParOldGen       total 744448K, used 744048K [0x0000000080000000, 0x00000000ad700000, 0x00000000d5580000)
  object space 744448K, 99% used [0x0000000080000000,0x00000000ad69c1e8,0x00000000ad700000)
 Metaspace       used 74687K, committed 76160K, reserved 1179648K
  class space    used 7848K, committed 8448K, reserved 1048576K
}
Event: 54.234 GC heap after
{Heap after GC invocations=975 (full 3):
 PSYoungGen      total 4608K, used 2513K [0x00000000d5580000, 0x00000000d5e00000, 0x0000000100000000)
  eden space 2048K, 0% used [0x00000000d5580000,0x00000000d5580000,0x00000000d5780000)
  from space 2560K, 98% used [0x00000000d5a80000,0x00000000d5cf46a0,0x00000000d5d00000)
  to   space 3072K, 0% used [0x00000000d5780000,0x00000000d5780000,0x00000000d5a80000)
 ParOldGen       total 745472K, used 745337K [0x0000000080000000, 0x00000000ad800000, 0x00000000d5580000)
  object space 745472K, 99% used [0x0000000080000000,0x00000000ad7de568,0x00000000ad800000)
 Metaspace       used 74687K, committed 76160K, reserved 1179648K
  class space    used 7848K, committed 8448K, reserved 1048576K
}
Event: 54.235 GC heap before
{Heap before GC invocations=976 (full 3):
 PSYoungGen      total 4608K, used 4561K [0x00000000d5580000, 0x00000000d5e00000, 0x0000000100000000)
  eden space 2048K, 100% used [0x00000000d5580000,0x00000000d5780000,0x00000000d5780000)
  from space 2560K, 98% used [0x00000000d5a80000,0x00000000d5cf46a0,0x00000000d5d00000)
  to   space 3072K, 0% used [0x00000000d5780000,0x00000000d5780000,0x00000000d5a80000)
 ParOldGen       total 745472K, used 745337K [0x0000000080000000, 0x00000000ad800000, 0x00000000d5580000)
  object space 745472K, 99% used [0x0000000080000000,0x00000000ad7de568,0x00000000ad800000)
 Metaspace       used 74687K, committed 76160K, reserved 1179648K
  class space    used 7848K, committed 8448K, reserved 1048576K
}
Event: 54.237 GC heap after
{Heap after GC invocations=976 (full 3):
 PSYoungGen      total 5120K, used 2144K [0x00000000d5580000, 0x00000000d5d00000, 0x0000000100000000)
  eden space 2048K, 0% used [0x00000000d5580000,0x00000000d5580000,0x00000000d5780000)
  from space 3072K, 69% used [0x00000000d5780000,0x00000000d5998000,0x00000000d5a80000)
  to   space 2560K, 0% used [0x00000000d5a80000,0x00000000d5a80000,0x00000000d5d00000)
 ParOldGen       total 748032K, used 747692K [0x0000000080000000, 0x00000000ada80000, 0x00000000d5580000)
  object space 748032K, 99% used [0x0000000080000000,0x00000000ada2b380,0x00000000ada80000)
 Metaspace       used 74687K, committed 76160K, reserved 1179648K
  class space    used 7848K, committed 8448K, reserved 1048576K
}
Event: 54.238 GC heap before
{Heap before GC invocations=977 (full 3):
 PSYoungGen      total 5120K, used 4191K [0x00000000d5580000, 0x00000000d5d00000, 0x0000000100000000)
  eden space 2048K, 99% used [0x00000000d5580000,0x00000000d577ffe8,0x00000000d5780000)
  from space 3072K, 69% used [0x00000000d5780000,0x00000000d5998000,0x00000000d5a80000)
  to   space 2560K, 0% used [0x00000000d5a80000,0x00000000d5a80000,0x00000000d5d00000)
 ParOldGen       total 748032K, used 747692K [0x0000000080000000, 0x00000000ada80000, 0x00000000d5580000)
  object space 748032K, 99% used [0x0000000080000000,0x00000000ada2b380,0x00000000ada80000)
 Metaspace       used 74687K, committed 76160K, reserved 1179648K
  class space    used 7848K, committed 8448K, reserved 1048576K
}
Event: 54.239 GC heap after
{Heap after GC invocations=977 (full 3):
 PSYoungGen      total 5120K, used 1984K [0x00000000d5580000, 0x00000000d5d00000, 0x0000000100000000)
  eden space 2560K, 0% used [0x00000000d5580000,0x00000000d5580000,0x00000000d5800000)
  from space 2560K, 77% used [0x00000000d5a80000,0x00000000d5c70000,0x00000000d5d00000)
  to   space 2560K, 0% used [0x00000000d5800000,0x00000000d5800000,0x00000000d5a80000)
 ParOldGen       total 750080K, used 749582K [0x0000000080000000, 0x00000000adc80000, 0x00000000d5580000)
  object space 750080K, 99% used [0x0000000080000000,0x00000000adc038b0,0x00000000adc80000)
 Metaspace       used 74687K, committed 76160K, reserved 1179648K
  class space    used 7848K, committed 8448K, reserved 1048576K
}
Event: 106.183 GC heap before
{Heap before GC invocations=978 (full 3):
 PSYoungGen      total 5120K, used 4543K [0x00000000d5580000, 0x00000000d5d00000, 0x0000000100000000)
  eden space 2560K, 99% used [0x00000000d5580000,0x00000000d57ffff0,0x00000000d5800000)
  from space 2560K, 77% used [0x00000000d5a80000,0x00000000d5c70000,0x00000000d5d00000)
  to   space 2560K, 0% used [0x00000000d5800000,0x00000000d5800000,0x00000000d5a80000)
 ParOldGen       total 750080K, used 749582K [0x0000000080000000, 0x00000000adc80000, 0x00000000d5580000)
  object space 750080K, 99% used [0x0000000080000000,0x00000000adc038b0,0x00000000adc80000)
 Metaspace       used 74702K, committed 76160K, reserved 1179648K
  class space    used 7848K, committed 8448K, reserved 1048576K
}
Event: 106.186 GC heap after
{Heap after GC invocations=978 (full 3):
 PSYoungGen      total 5120K, used 2464K [0x00000000d5580000, 0x00000000d5d80000, 0x0000000100000000)
  eden space 2560K, 0% used [0x00000000d5580000,0x00000000d5580000,0x00000000d5800000)
  from space 2560K, 96% used [0x00000000d5800000,0x00000000d5a68000,0x00000000d5a80000)
  to   space 2560K, 0% used [0x00000000d5b00000,0x00000000d5b00000,0x00000000d5d80000)
 ParOldGen       total 751616K, used 751406K [0x0000000080000000, 0x00000000ade00000, 0x00000000d5580000)
  object space 751616K, 99% used [0x0000000080000000,0x00000000addcb8b0,0x00000000ade00000)
 Metaspace       used 74702K, committed 76160K, reserved 1179648K
  class space    used 7848K, committed 8448K, reserved 1048576K
}
Event: 106.204 GC heap before
{Heap before GC invocations=979 (full 3):
 PSYoungGen      total 5120K, used 5023K [0x00000000d5580000, 0x00000000d5d80000, 0x0000000100000000)
  eden space 2560K, 99% used [0x00000000d5580000,0x00000000d57fffd8,0x00000000d5800000)
  from space 2560K, 96% used [0x00000000d5800000,0x00000000d5a68000,0x00000000d5a80000)
  to   space 2560K, 0% used [0x00000000d5b00000,0x00000000d5b00000,0x00000000d5d80000)
 ParOldGen       total 751616K, used 751406K [0x0000000080000000, 0x00000000ade00000, 0x00000000d5580000)
  object space 751616K, 99% used [0x0000000080000000,0x00000000addcb8b0,0x00000000ade00000)
 Metaspace       used 74789K, committed 76224K, reserved 1179648K
  class space    used 7859K, committed 8448K, reserved 1048576K
}
Event: 106.206 GC heap after
{Heap after GC invocations=979 (full 3):
 PSYoungGen      total 3584K, used 352K [0x00000000d5580000, 0x00000000d5b80000, 0x0000000100000000)
  eden space 3072K, 0% used [0x00000000d5580000,0x00000000d5580000,0x00000000d5880000)
  from space 512K, 68% used [0x00000000d5b00000,0x00000000d5b58000,0x00000000d5b80000)
  to   space 1536K, 0% used [0x00000000d5880000,0x00000000d5880000,0x00000000d5a00000)
 ParOldGen       total 754176K, used 753678K [0x0000000080000000, 0x00000000ae080000, 0x00000000d5580000)
  object space 754176K, 99% used [0x0000000080000000,0x00000000ae0038c0,0x00000000ae080000)
 Metaspace       used 74789K, committed 76224K, reserved 1179648K
  class space    used 7859K, committed 8448K, reserved 1048576K
}
Event: 106.236 GC heap before
{Heap before GC invocations=980 (full 3):
 PSYoungGen      total 3584K, used 3364K [0x00000000d5580000, 0x00000000d5b80000, 0x0000000100000000)
  eden space 3072K, 98% used [0x00000000d5580000,0x00000000d58711f8,0x00000000d5880000)
  from space 512K, 68% used [0x00000000d5b00000,0x00000000d5b58000,0x00000000d5b80000)
  to   space 1536K, 0% used [0x00000000d5880000,0x00000000d5880000,0x00000000d5a00000)
 ParOldGen       total 754176K, used 753678K [0x0000000080000000, 0x00000000ae080000, 0x00000000d5580000)
  object space 754176K, 99% used [0x0000000080000000,0x00000000ae0038c0,0x00000000ae080000)
 Metaspace       used 75089K, committed 76544K, reserved 1179648K
  class space    used 7906K, committed 8512K, reserved 1048576K
}
Event: 106.237 GC heap after
{Heap after GC invocations=980 (full 3):
 PSYoungGen      total 4608K, used 544K [0x00000000d5580000, 0x00000000d5b80000, 0x0000000100000000)
  eden space 3072K, 0% used [0x00000000d5580000,0x00000000d5580000,0x00000000d5880000)
  from space 1536K, 35% used [0x00000000d5880000,0x00000000d5908020,0x00000000d5a00000)
  to   space 1024K, 0% used [0x00000000d5a80000,0x00000000d5a80000,0x00000000d5b80000)
 ParOldGen       total 754176K, used 753798K [0x0000000080000000, 0x00000000ae080000, 0x00000000d5580000)
  object space 754176K, 99% used [0x0000000080000000,0x00000000ae0218c0,0x00000000ae080000)
 Metaspace       used 75089K, committed 76544K, reserved 1179648K
  class space    used 7906K, committed 8512K, reserved 1048576K
}
Event: 106.265 GC heap before
{Heap before GC invocations=981 (full 3):
 PSYoungGen      total 4608K, used 3616K [0x00000000d5580000, 0x00000000d5b80000, 0x0000000100000000)
  eden space 3072K, 100% used [0x00000000d5580000,0x00000000d5880000,0x00000000d5880000)
  from space 1536K, 35% used [0x00000000d5880000,0x00000000d5908020,0x00000000d5a00000)
  to   space 1024K, 0% used [0x00000000d5a80000,0x00000000d5a80000,0x00000000d5b80000)
 ParOldGen       total 754176K, used 753798K [0x0000000080000000, 0x00000000ae080000, 0x00000000d5580000)
  object space 754176K, 99% used [0x0000000080000000,0x00000000ae0218c0,0x00000000ae080000)
 Metaspace       used 75494K, committed 76992K, reserved 1179648K
  class space    used 7955K, committed 8576K, reserved 1048576K
}
Event: 106.266 GC heap after
{Heap after GC invocations=981 (full 3):
 PSYoungGen      total 3584K, used 470K [0x00000000d5580000, 0x00000000d5b00000, 0x0000000100000000)
  eden space 3072K, 0% used [0x00000000d5580000,0x00000000d5580000,0x00000000d5880000)
  from space 512K, 91% used [0x00000000d5a80000,0x00000000d5af58b8,0x00000000d5b00000)
  to   space 512K, 0% used [0x00000000d5a00000,0x00000000d5a00000,0x00000000d5a80000)
 ParOldGen       total 754176K, used 753974K [0x0000000080000000, 0x00000000ae080000, 0x00000000d5580000)
  object space 754176K, 99% used [0x0000000080000000,0x00000000ae04d8e0,0x00000000ae080000)
 Metaspace       used 75494K, committed 76992K, reserved 1179648K
  class space    used 7955K, committed 8576K, reserved 1048576K
}
Event: 106.282 GC heap before
{Heap before GC invocations=982 (full 3):
 PSYoungGen      total 3584K, used 3521K [0x00000000d5580000, 0x00000000d5b00000, 0x0000000100000000)
  eden space 3072K, 99% used [0x00000000d5580000,0x00000000d587ac20,0x00000000d5880000)
  from space 512K, 91% used [0x00000000d5a80000,0x00000000d5af58b8,0x00000000d5b00000)
  to   space 512K, 0% used [0x00000000d5a00000,0x00000000d5a00000,0x00000000d5a80000)
 ParOldGen       total 754176K, used 753974K [0x0000000080000000, 0x00000000ae080000, 0x00000000d5580000)
  object space 754176K, 99% used [0x0000000080000000,0x00000000ae04d8e0,0x00000000ae080000)
 Metaspace       used 75928K, committed 77440K, reserved 1179648K
  class space    used 7997K, committed 8640K, reserved 1048576K
}
Event: 106.283 GC heap after
{Heap after GC invocations=982 (full 3):
 PSYoungGen      total 3584K, used 512K [0x00000000d5580000, 0x00000000d5b00000, 0x0000000100000000)
  eden space 3072K, 0% used [0x00000000d5580000,0x00000000d5580000,0x00000000d5880000)
  from space 512K, 100% used [0x00000000d5a00000,0x00000000d5a80000,0x00000000d5a80000)
  to   space 512K, 0% used [0x00000000d5a80000,0x00000000d5a80000,0x00000000d5b00000)
 ParOldGen       total 754176K, used 754148K [0x0000000080000000, 0x00000000ae080000, 0x00000000d5580000)
  object space 754176K, 99% used [0x0000000080000000,0x00000000ae079348,0x00000000ae080000)
 Metaspace       used 75928K, committed 77440K, reserved 1179648K
  class space    used 7997K, committed 8640K, reserved 1048576K
}

